<?xml version="1.0" encoding="UTF-8"?>
<!-- Generated by org.testng.reporters.JUnitReportReporter -->
<testsuite hostname="LAPTOP-TH1PP5D1" failures="0" tests="4" name="api.test.UserTests" time="4.423" errors="0" timestamp="2023-06-05T18:33:51 EDT" skipped="0">
  <testcase classname="api.test.UserTests" name="testPostUser" time="1.464"/>
  <testcase classname="api.test.UserTests" name="testGetUserByName" time="0.217"/>
  <testcase classname="api.test.UserTests" name="testUpdateuserByName" time="1.515"/>
  <testcase classname="api.test.UserTests" name="testDeleteUserByName" time="1.227"/>
</testsuite> <!-- api.test.UserTests -->
