<?xml version="1.0" encoding="UTF-8"?>
<!-- Generated by org.testng.reporters.JUnitReportReporter -->
<testsuite hostname="LAPTOP-TH1PP5D1" failures="0" tests="6" name="api.test.DataDrivenTest" time="1.218" errors="0" timestamp="2023-06-05T18:33:51 EDT" skipped="0">
  <testcase classname="api.test.DataDrivenTest" name="testPostUser" time="0.192"/>
  <testcase classname="api.test.DataDrivenTest" name="testPostUser" time="0.202"/>
  <testcase classname="api.test.DataDrivenTest" name="testPostUser" time="0.196"/>
  <testcase classname="api.test.DataDrivenTest" name="testDeleteUserByName" time="0.214"/>
  <testcase classname="api.test.DataDrivenTest" name="testDeleteUserByName" time="0.200"/>
  <testcase classname="api.test.DataDrivenTest" name="testDeleteUserByName" time="0.214"/>
</testsuite> <!-- api.test.DataDrivenTest -->
